<?xml version="1.0" encoding="UTF-8"?>
<testsuites name="Mocha Tests" time="4.901" tests="3" failures="0">
  <testsuite name="Root Suite" timestamp="2025-08-29T08:14:55" tests="0" file="cypress\e2e\2-advanced-examples\navigation.cy.js" time="0.000" failures="0">
  </testsuite>
  <testsuite name="Navigation" timestamp="2025-08-29T08:14:55" tests="3" time="4.900" failures="0">
    <testcase name="Navigation cy.go() - go back or forward in the browser&apos;s history" time="1.995" classname="cy.go() - go back or forward in the browser&apos;s history">
    </testcase>
    <testcase name="Navigation cy.reload() - reload the page" time="0.708" classname="cy.reload() - reload the page">
    </testcase>
    <testcase name="Navigation cy.visit() - visit a remote url" time="0.582" classname="cy.visit() - visit a remote url">
    </testcase>
  </testsuite>
</testsuites>